2021-06-07 15:23:04,439 INFO o.s.b.StartupInfoLogger [main] Starting DemoApplication using Java 1.8.0_281 on DESKTOP-RVTSBFF with PID 15060 (C:\Users\Dima\Desktop\JAVA EDUCATION\REST api AOP exm\Spring Boot AOP REST exm\target\classes started by Dima in C:\Users\Dima\Desktop\JAVA EDUCATION\REST api AOP exm\Spring Boot AOP REST exm)
2021-06-07 15:23:04,447 INFO o.s.b.SpringApplication [main] No active profile set, falling back to default profiles: default
2021-06-07 15:23:05,105 INFO o.s.d.r.c.RepositoryConfigurationDelegate [main] Bootstrapping Spring Data JPA repositories in DEFAULT mode.
2021-06-07 15:23:05,156 INFO o.s.d.r.c.RepositoryConfigurationDelegate [main] Finished Spring Data repository scanning in 43 ms. Found 1 JPA repository interfaces.
2021-06-07 15:23:05,631 INFO o.s.b.w.e.t.TomcatWebServer [main] Tomcat initialized with port(s): 8080 (http)
2021-06-07 15:23:05,638 INFO o.a.j.l.DirectJDKLog [main] Initializing ProtocolHandler ["http-nio-8080"]
2021-06-07 15:23:05,638 INFO o.a.j.l.DirectJDKLog [main] Starting service [Tomcat]
2021-06-07 15:23:05,638 INFO o.a.j.l.DirectJDKLog [main] Starting Servlet engine: [Apache Tomcat/9.0.46]
2021-06-07 15:23:05,725 INFO o.a.j.l.DirectJDKLog [main] Initializing Spring embedded WebApplicationContext
2021-06-07 15:23:05,725 INFO o.s.b.w.s.c.ServletWebServerApplicationContext [main] Root WebApplicationContext: initialization completed in 1195 ms
2021-06-07 15:23:05,881 INFO o.h.j.i.u.LogHelper [main] HHH000204: Processing PersistenceUnitInfo [name: default]
2021-06-07 15:23:05,919 INFO o.h.Version [main] HHH000412: Hibernate ORM core version 5.4.31.Final
2021-06-07 15:23:06,021 INFO o.h.a.c.r.j.JavaReflectionManager [main] HCANN000001: Hibernate Commons Annotations {5.1.2.Final}
2021-06-07 15:23:06,102 INFO c.z.h.HikariDataSource [main] HikariPool-1 - Starting...
2021-06-07 15:23:06,496 INFO c.z.h.HikariDataSource [main] HikariPool-1 - Start completed.
2021-06-07 15:23:06,513 INFO o.h.d.Dialect [main] HHH000400: Using dialect: org.hibernate.dialect.MySQL8Dialect
2021-06-07 15:23:06,997 INFO o.h.e.t.j.p.i.JtaPlatformInitiator [main] HHH000490: Using JtaPlatform implementation: [org.hibernate.engine.transaction.jta.platform.internal.NoJtaPlatform]
2021-06-07 15:23:07,005 INFO o.s.o.j.AbstractEntityManagerFactoryBean [main] Initialized JPA EntityManagerFactory for persistence unit 'default'
2021-06-07 15:23:07,280 WARN o.s.b.a.o.j.JpaBaseConfiguration$JpaWebConfiguration [main] spring.jpa.open-in-view is enabled by default. Therefore, database queries may be performed during view rendering. Explicitly configure spring.jpa.open-in-view to disable this warning
2021-06-07 15:23:07,543 INFO o.a.j.l.DirectJDKLog [main] Starting ProtocolHandler ["http-nio-8080"]
2021-06-07 15:23:07,556 INFO o.s.b.w.e.t.TomcatWebServer [main] Tomcat started on port(s): 8080 (http) with context path ''
2021-06-07 15:23:07,563 INFO o.s.b.StartupInfoLogger [main] Started DemoApplication in 3.629 seconds (JVM running for 4.432)
2021-06-07 15:23:07,564 INFO o.s.b.a.ApplicationAvailabilityBean [main] Application availability state LivenessState changed to CORRECT
2021-06-07 15:23:07,565 INFO o.s.b.a.ApplicationAvailabilityBean [main] Application availability state ReadinessState changed to ACCEPTING_TRAFFIC
2021-06-07 15:23:09,386 INFO o.a.j.l.DirectJDKLog [http-nio-8080-exec-2] Initializing Spring DispatcherServlet 'dispatcherServlet'
2021-06-07 15:23:09,386 INFO o.s.w.s.FrameworkServlet [http-nio-8080-exec-2] Initializing Servlet 'dispatcherServlet'
2021-06-07 15:23:09,387 INFO o.s.w.s.FrameworkServlet [http-nio-8080-exec-2] Completed initialization in 1 ms
2021-06-07 15:23:09,415 INFO c.e.w.l.LoggingAspect [http-nio-8080-exec-2] Method getById was called
2021-06-07 15:23:09,480 INFO c.e.w.l.LoggingAspect [http-nio-8080-exec-2] возвращенное значение: <200 OK OK,Product{id=3, name='s10', brand='Samsung', from='china', price=170.0},[]>
2021-06-07 15:23:11,884 INFO c.e.w.l.LoggingAspect [http-nio-8080-exec-3] Method getAll was called
2021-06-07 15:23:11,978 INFO c.e.w.l.LoggingAspect [http-nio-8080-exec-3] возвращенное значение: <200 OK OK,Page 1 of 5 containing com.example.work.model.Product instances,[]>
